<?xml version="1.0" encoding="UTF-8"?>
<!-- Generated by org.testng.reporters.JUnitReportReporter -->
<testsuite name="Package.Testing" tests="1" time="39.664" ignored="0" failures="0" timestamp="26 Sep 2018 21:03:04 GMT" skipped="0" hostname="Aspire" errors="0">
  <testcase name="myfirst" time="39.664" classname="Package.Testing"/>
</testsuite> <!-- Package.Testing -->
