<?xml version="1.0" encoding="UTF-8"?>
<!-- Generated by org.testng.reporters.JUnitReportReporter -->
<testsuite name="Package.Test_NG" tests="2" time="23.888" ignored="0" failures="0" timestamp="23 Sep 2018 21:28:12 GMT" skipped="0" hostname="Aspire" errors="0">
  <testcase name="verifyHomepageTitle" time="18.235" classname="Package.Test_NG"/>
  <testcase name="creataccount" time="5.653" classname="Package.Test_NG"/>
</testsuite> <!-- Package.Test_NG -->
