<?xml version="1.0" encoding="UTF-8"?>
<!-- Generated by org.testng.reporters.JUnitReportReporter -->
<testsuite hostname="Vipul-PC" name="rarbg.Winium_ruff" tests="1" failures="0" timestamp="26 Apr 2019 19:38:49 GMT" time="14.593" errors="0">
  <testcase name="test" time="14.593" classname="rarbg.Winium_ruff"/>
</testsuite> <!-- rarbg.Winium_ruff -->
