<?xml version="1.0" encoding="UTF-8"?>
<!-- Generated by org.testng.reporters.JUnitReportReporter -->
<testsuite hostname="Vipul-PC" name="lambda_test.TestNGTodo" tests="2" failures="0" timestamp="26 May 2019 21:52:16 GMT" time="29.933" errors="0">
  <testcase name="verifyHomepageTitle" time="5.455" classname="lambda_test.TestNGTodo"/>
  <testcase name="creataccount" time="24.478" classname="lambda_test.TestNGTodo"/>
</testsuite> <!-- lambda_test.TestNGTodo -->
