<?xml version="1.0" encoding="UTF-8"?>
<!-- Generated by org.testng.reporters.JUnitReportReporter -->
<testsuite hostname="Vipul-PC" name="com.google.tests.GoogleHomePageTest" tests="4" failures="0" timestamp="19 Mar 2019 21:23:31 GMT" time="21.659" errors="0">
  <testcase name="verifyHomepageTitle" time="9.638" classname="com.google.tests.GoogleHomePageTest"/>
  <testcase name="creataccount" time="12.007" classname="com.google.tests.GoogleHomePageTest"/>
  <testcase name="TC04" time="0.003" classname="com.google.tests.GoogleHomePageTest"/>
  <testcase name="TC03" time="0.011" classname="com.google.tests.GoogleHomePageTest"/>
</testsuite> <!-- com.google.tests.GoogleHomePageTest -->
