<?xml version="1.0" encoding="UTF-8"?>
<!-- Generated by org.testng.reporters.JUnitReportReporter -->
<testsuite hostname="Vipul-PC" name="TOPGEAR.TopCoader.Retro_tool_scenario_26_test.RETRO_TC344_TO_TC358" tests="10" failures="0" timestamp="26 Nov 2019 18:37:50 GMT" time="88.448" errors="0">
  <testcase name="RETRO__TS05_TC346" time="0.009" classname="TOPGEAR.TopCoader.Retro_tool_scenario_26_test.RETRO_TC344_TO_TC358"/>
  <testcase name="RETRO__TS05_TC344" time="62.155" classname="TOPGEAR.TopCoader.Retro_tool_scenario_26_test.RETRO_TC344_TO_TC358"/>
  <testcase name="RETRO__TS05_TC349" time="0.004" classname="TOPGEAR.TopCoader.Retro_tool_scenario_26_test.RETRO_TC344_TO_TC358"/>
  <testcase name="RETRO__TS05_TC347" time="0.012" classname="TOPGEAR.TopCoader.Retro_tool_scenario_26_test.RETRO_TC344_TO_TC358"/>
  <testcase name="RETRO__TS05_TC348" time="0.006" classname="TOPGEAR.TopCoader.Retro_tool_scenario_26_test.RETRO_TC344_TO_TC358"/>
  <testcase name="RETRO__TS05_TC345" time="26.242" classname="TOPGEAR.TopCoader.Retro_tool_scenario_26_test.RETRO_TC344_TO_TC358"/>
  <testcase name="RETRO__TS05_TC350" time="0.003" classname="TOPGEAR.TopCoader.Retro_tool_scenario_26_test.RETRO_TC344_TO_TC358"/>
  <testcase name="RETRO__TS05_TC351" time="0.003" classname="TOPGEAR.TopCoader.Retro_tool_scenario_26_test.RETRO_TC344_TO_TC358"/>
  <testcase name="RETRO__TS05_TC352" time="0.007" classname="TOPGEAR.TopCoader.Retro_tool_scenario_26_test.RETRO_TC344_TO_TC358"/>
  <testcase name="RETRO__TS05_TC353" time="0.007" classname="TOPGEAR.TopCoader.Retro_tool_scenario_26_test.RETRO_TC344_TO_TC358"/>
</testsuite> <!-- TOPGEAR.TopCoader.Retro_tool_scenario_26_test.RETRO_TC344_TO_TC358 -->
