<?xml version="1.0" encoding="UTF-8"?>
<!-- Generated by org.testng.reporters.JUnitReportReporter -->
<testsuite hostname="Vipul-PC" name="com.google.tests.GoogleHomePageTest" tests="4" failures="0" timestamp="20 Mar 2019 18:35:37 GMT" time="26.248" errors="0">
  <testcase name="creataccount" time="13.907" classname="com.google.tests.GoogleHomePageTest"/>
  <testcase name="TC03" time="0.002" classname="com.google.tests.GoogleHomePageTest"/>
  <testcase name="TC04" time="0.003" classname="com.google.tests.GoogleHomePageTest"/>
  <testcase name="verifyHomepageTitle" time="12.336" classname="com.google.tests.GoogleHomePageTest"/>
</testsuite> <!-- com.google.tests.GoogleHomePageTest -->
