<?xml version="1.0" encoding="UTF-8"?>
<!-- Generated by org.testng.reporters.JUnitReportReporter -->
<testsuite hostname="Aspire" name="DummyForExReport" tests="2" failures="0" timestamp="23 Sep 2018 21:17:25 GMT" time="0.026" errors="0">
  <testcase name="TestCase1" time="0.022" classname="DummyForExReport"/>
  <testcase name="TestCase2" time="0.004" classname="DummyForExReport"/>
</testsuite> <!-- DummyForExReport -->
